release/dice-app/build/intermediates/manifest_merge_blame_file/debug/manifest-merger-blame-debug-report.txt
1<?xml version="1.0" encoding="utf-8"?>
2<manifest xmlns:android="http://schemas.android.com/apk/res/android"
3    package="com.karthyks.sample.dice.app.debug"
4    android:versionCode="1"
5    android:versionName="1.0.0" >
6
7    <uses-sdk
8        android:minSdkVersion="21"
8-->src/main/AndroidManifest.xml
9        android:targetSdkVersion="33" />
9-->src/main/AndroidManifest.xml
10
11    <uses-permission android:name="android.permission.INTERNET" />
11-->src/main/AndroidManifest.xml:6:5-66
11-->src/main/AndroidManifest.xml:6:22-64
12
13    <permission
13-->[androidx.core:core:1.9.0] AndroidManifest.xml:22:5-24:47
14        android:name="com.karthyks.sample.dice.app.debug.DYNAMIC_RECEIVER_NOT_EXPORTED_PERMISSION"
14-->[androidx.core:core:1.9.0] AndroidManifest.xml:23:9-81
15        android:protectionLevel="signature" />
15-->[androidx.core:core:1.9.0] AndroidManifest.xml:24:9-44
16
17    <uses-permission android:name="com.karthyks.sample.dice.app.debug.DYNAMIC_RECEIVER_NOT_EXPORTED_PERMISSION" />
17-->[androidx.core:core:1.9.0] AndroidManifest.xml:26:5-97
17-->[androidx.core:core:1.9.0] AndroidManifest.xml:26:22-94
18
19    <application
19-->src/main/AndroidManifest.xml:8:5-29:19
20        android:name="com.karthyks.dice.app.DiceApplication"
20-->src/main/AndroidManifest.xml:10:9-61
21        android:allowBackup="true"
21-->src/main/AndroidManifest.xml:9:9-35
22        android:appComponentFactory="androidx.core.app.CoreComponentFactory"
22-->[androidx.core:core:1.9.0] AndroidManifest.xml:28:18-86
23        android:dataExtractionRules="@xml/data_extraction_rules"
23-->src/main/AndroidManifest.xml:11:9-65
24        android:debuggable="true"
25        android:fullBackupContent="@xml/backup_rules"
25-->src/main/AndroidManifest.xml:12:9-54
26        android:icon="@mipmap/ic_launcher"
26-->src/main/AndroidManifest.xml:13:9-43
27        android:label="@string/app_name"
27-->src/main/AndroidManifest.xml:14:9-41
28        android:supportsRtl="true"
28-->src/main/AndroidManifest.xml:15:9-35
29        android:testOnly="true"
30        android:theme="@style/Theme.Dice" >
30-->src/main/AndroidManifest.xml:16:9-42
31        <activity
31-->src/main/AndroidManifest.xml:18:9-28:20
32            android:name="com.karthyks.dice.app.MainActivity"
32-->src/main/AndroidManifest.xml:19:13-41
33            android:exported="true"
33-->src/main/AndroidManifest.xml:20:13-36
34            android:screenOrientation="portrait"
34-->src/main/AndroidManifest.xml:21:13-49
35            android:theme="@style/Theme.Dice" >
35-->src/main/AndroidManifest.xml:22:13-46
36            <intent-filter>
36-->src/main/AndroidManifest.xml:23:13-27:29
37                <action android:name="android.intent.action.MAIN" />
37-->src/main/AndroidManifest.xml:24:17-69
37-->src/main/AndroidManifest.xml:24:25-66
38
39                <category android:name="android.intent.category.LAUNCHER" />
39-->src/main/AndroidManifest.xml:26:17-77
39-->src/main/AndroidManifest.xml:26:27-74
40            </intent-filter>
41        </activity>
42        <activity
42-->[androidx.compose.ui:ui-tooling:1.3.2] AndroidManifest.xml:23:9-25:39
43            android:name="androidx.compose.ui.tooling.PreviewActivity"
43-->[androidx.compose.ui:ui-tooling:1.3.2] AndroidManifest.xml:24:13-71
44            android:exported="true" />
44-->[androidx.compose.ui:ui-tooling:1.3.2] AndroidManifest.xml:25:13-36
45
46        <provider
46-->[androidx.profileinstaller:profileinstaller:1.2.0] AndroidManifest.xml:25:9-33:20
47            android:name="androidx.startup.InitializationProvider"
47-->[androidx.profileinstaller:profileinstaller:1.2.0] AndroidManifest.xml:26:13-67
48            android:authorities="com.karthyks.sample.dice.app.debug.androidx-startup"
48-->[androidx.profileinstaller:profileinstaller:1.2.0] AndroidManifest.xml:27:13-68
49            android:exported="false" >
49-->[androidx.profileinstaller:profileinstaller:1.2.0] AndroidManifest.xml:28:13-37
50            <meta-data
50-->[androidx.profileinstaller:profileinstaller:1.2.0] AndroidManifest.xml:30:13-32:52
51                android:name="androidx.profileinstaller.ProfileInstallerInitializer"
51-->[androidx.profileinstaller:profileinstaller:1.2.0] AndroidManifest.xml:31:17-85
52                android:value="androidx.startup" />
52-->[androidx.profileinstaller:profileinstaller:1.2.0] AndroidManifest.xml:32:17-49
53        </provider>
54
55        <receiver
55-->[androidx.profileinstaller:profileinstaller:1.2.0] AndroidManifest.xml:35:9-47:20
56            android:name="androidx.profileinstaller.ProfileInstallReceiver"
56-->[androidx.profileinstaller:profileinstaller:1.2.0] AndroidManifest.xml:36:13-76
57            android:directBootAware="false"
57-->[androidx.profileinstaller:profileinstaller:1.2.0] AndroidManifest.xml:37:13-44
58            android:enabled="true"
58-->[androidx.profileinstaller:profileinstaller:1.2.0] AndroidManifest.xml:38:13-35
59            android:exported="true"
59-->[androidx.profileinstaller:profileinstaller:1.2.0] AndroidManifest.xml:39:13-36
60            android:permission="android.permission.DUMP" >
60-->[androidx.profileinstaller:profileinstaller:1.2.0] AndroidManifest.xml:40:13-57
61            <intent-filter>
61-->[androidx.profileinstaller:profileinstaller:1.2.0] AndroidManifest.xml:41:13-43:29
62                <action android:name="androidx.profileinstaller.action.INSTALL_PROFILE" />
62-->[androidx.profileinstaller:profileinstaller:1.2.0] AndroidManifest.xml:42:17-91
62-->[androidx.profileinstaller:profileinstaller:1.2.0] AndroidManifest.xml:42:25-88
63            </intent-filter>
64            <intent-filter>
64-->[androidx.profileinstaller:profileinstaller:1.2.0] AndroidManifest.xml:44:13-46:29
65                <action android:name="androidx.profileinstaller.action.SKIP_FILE" />
65-->[androidx.profileinstaller:profileinstaller:1.2.0] AndroidManifest.xml:45:17-85
65-->[androidx.profileinstaller:profileinstaller:1.2.0] AndroidManifest.xml:45:25-82
66            </intent-filter>
67        </receiver>
68    </application>
69
70</manifest>